<?xml version="1.0" encoding="UTF-8"?>
<!-- Generated by org.testng.reporters.JUnitReportReporter -->
<testsuite hostname="ArunMotoori" failures="0" tests="4" name="tests.Register" time="21.150" errors="0" timestamp="2024-10-27T19:54:19 IST" skipped="1">
  <testcase classname="tests.Register" name="verifyRegistingAccountUsingMandtoryFields" time="9.726"/>
  <testcase classname="tests.Register" name="verifyRegisteringAccountUsingAllFields" time="5.512"/>
  <testcase classname="tests.Register" name="verifyRegisterationBySayingYesToNewsletter" time="5.912"/>
  <testcase classname="tests.Register" name="verifyRegisterationBySayingNoToNewsletter">
    <skipped/>
  </testcase> <!-- verifyRegisterationBySayingNoToNewsletter -->
</testsuite> <!-- tests.Register -->
