<?xml version="1.0" encoding="UTF-8"?>
<!-- Generated by org.testng.reporters.JUnitReportReporter -->
<testsuite hostname="ArunMotoori" failures="0" tests="7" name="tests.Login" time="29.080" errors="0" timestamp="2024-10-27T19:54:19 IST" skipped="0">
  <testcase classname="tests.Login" name="verifyLoginUsingValidCredentials" time="4.441"/>
  <testcase classname="tests.Login" name="verifyLoginUsingValidCredentials" time="4.279"/>
  <testcase classname="tests.Login" name="verifyLoginUsingValidCredentials" time="4.243"/>
  <testcase classname="tests.Login" name="verifyLoginUsingInvalidCredentials" time="4.203"/>
  <testcase classname="tests.Login" name="verifyLoginUsingInvalidEmailAndValidPassword" time="4.002"/>
  <testcase classname="tests.Login" name="verifyLoginUsingValidEmailAndInvalidPassword" time="4.075"/>
  <testcase classname="tests.Login" name="verifyLoginWithoutCredentials" time="3.837"/>
</testsuite> <!-- tests.Login -->
