<?xml version="1.0" encoding="UTF-8"?>
<!-- Generated by org.testng.reporters.JUnitReportReporter -->
<testsuite hostname="ArunMotoori" failures="0" tests="7" name="tests.Login" time="30.096" errors="0" timestamp="2024-10-26T20:20:32 IST" skipped="0">
  <testcase classname="tests.Login" name="verifyLoginUsingValidCredentials" time="5.048"/>
  <testcase classname="tests.Login" name="verifyLoginUsingValidCredentials" time="4.449"/>
  <testcase classname="tests.Login" name="verifyLoginUsingValidCredentials" time="4.323"/>
  <testcase classname="tests.Login" name="verifyLoginUsingInvalidCredentials" time="4.068"/>
  <testcase classname="tests.Login" name="verifyLoginUsingInvalidEmailAndValidPassword" time="4.131"/>
  <testcase classname="tests.Login" name="verifyLoginUsingValidEmailAndInvalidPassword" time="4.062"/>
  <testcase classname="tests.Login" name="verifyLoginWithoutCredentials" time="4.015"/>
</testsuite> <!-- tests.Login -->
