<?xml version="1.0" encoding="UTF-8"?>
<!-- Generated by org.testng.reporters.JUnitReportReporter -->
<testsuite hostname="DESKTOP-084COBF" failures="0" tests="3" name="tests.SearchTest" time="13.231" errors="0" timestamp="2024-11-26T13:21:17 IST" skipped="0">
  <testcase classname="tests.SearchTest" name="verifySearchWithExistingProduct" time="4.729"/>
  <testcase classname="tests.SearchTest" name="verifySearchWithNonExistingProduct" time="4.490"/>
  <testcase classname="tests.SearchTest" name="verifySearchWithoutEnteringAnyProduct" time="4.012"/>
</testsuite> <!-- tests.SearchTest -->
