<?xml version="1.0" encoding="UTF-8"?>
<!-- Generated by org.testng.reporters.JUnitReportReporter -->
<testsuite hostname="DESKTOP-084COBF" failures="0" tests="7" name="tests.LoginTest" time="42.961" errors="0" timestamp="2024-11-26T13:21:17 IST" skipped="0">
  <testcase classname="tests.LoginTest" name="verifyLoginUsingValidCredentials" time="6.254"/>
  <testcase classname="tests.LoginTest" name="verifyLoginUsingValidCredentials" time="6.411"/>
  <testcase classname="tests.LoginTest" name="verifyLoginUsingValidCredentials" time="6.288"/>
  <testcase classname="tests.LoginTest" name="verifyLoginUsingInvalidCredentials" time="5.916"/>
  <testcase classname="tests.LoginTest" name="verifyLoginUsingInvalidEmailAndValidPassword" time="6.079"/>
  <testcase classname="tests.LoginTest" name="verifyLoginUsingValidEmailAndInvalidPassword" time="6.333"/>
  <testcase classname="tests.LoginTest" name="verifyLoginWithoutCredentials" time="5.680"/>
</testsuite> <!-- tests.LoginTest -->
