<?xml version="1.0" encoding="UTF-8"?>
<!-- Generated by org.testng.reporters.JUnitReportReporter -->
<testsuite hostname="ArunMotoori" failures="0" tests="4" name="tests.Register" time="24.243" errors="0" timestamp="2024-10-26T19:40:01 IST" skipped="0">
  <testcase classname="tests.Register" name="verifyRegistingAccountUsingMandtoryFields" time="5.416"/>
  <testcase classname="tests.Register" name="verifyRegisteringAccountUsingAllFields" time="5.692"/>
  <testcase classname="tests.Register" name="verifyRegisterationBySayingYesToNewsletter" time="5.878"/>
  <testcase classname="tests.Register" name="verifyRegisterationBySayingNoToNewsletter" time="7.257"/>
</testsuite> <!-- tests.Register -->
