<?xml version="1.0" encoding="UTF-8"?>
<!-- Generated by org.testng.reporters.JUnitReportReporter -->
<testsuite hostname="DESKTOP-084COBF" failures="0" tests="4" name="tests.RegisterTest" time="30.161" errors="0" timestamp="2024-11-26T13:21:17 IST" skipped="1">
  <testcase classname="tests.RegisterTest" name="verifyRegistingAccountUsingMandtoryFields" time="9.778"/>
  <testcase classname="tests.RegisterTest" name="verifyRegisteringAccountUsingAllFields" time="9.934"/>
  <testcase classname="tests.RegisterTest" name="verifyRegisterationBySayingYesToNewsletter" time="10.449"/>
  <testcase classname="tests.RegisterTest" name="verifyRegisterationBySayingNoToNewsletter">
    <skipped/>
  </testcase> <!-- verifyRegisterationBySayingNoToNewsletter -->
</testsuite> <!-- tests.RegisterTest -->
