<?xml version="1.0" encoding="UTF-8"?>
<!-- Generated by org.testng.reporters.JUnitReportReporter -->
<testsuite hostname="DESKTOP-084COBF" failures="0" tests="7" name="tests.LoginTest" time="42.050" errors="0" timestamp="2024-11-26T13:38:29 IST" skipped="0">
  <testcase classname="tests.LoginTest" name="verifyLoginUsingValidCredentials" time="6.297"/>
  <testcase classname="tests.LoginTest" name="verifyLoginUsingValidCredentials" time="6.745"/>
  <testcase classname="tests.LoginTest" name="verifyLoginUsingValidCredentials" time="6.358"/>
  <testcase classname="tests.LoginTest" name="verifyLoginUsingInvalidCredentials" time="5.335"/>
  <testcase classname="tests.LoginTest" name="verifyLoginUsingInvalidEmailAndValidPassword" time="5.822"/>
  <testcase classname="tests.LoginTest" name="verifyLoginUsingValidEmailAndInvalidPassword" time="5.737"/>
  <testcase classname="tests.LoginTest" name="verifyLoginWithoutCredentials" time="5.756"/>
</testsuite> <!-- tests.LoginTest -->
