<?xml version="1.0" encoding="UTF-8"?>
<!-- Generated by org.testng.reporters.JUnitReportReporter -->
<testsuite hostname="DESKTOP-084COBF" failures="0" tests="3" name="tests.SearchTest" time="14.503" errors="0" timestamp="2024-11-26T13:38:29 IST" skipped="0">
  <testcase classname="tests.SearchTest" name="verifySearchWithExistingProduct" time="5.071"/>
  <testcase classname="tests.SearchTest" name="verifySearchWithNonExistingProduct" time="5.118"/>
  <testcase classname="tests.SearchTest" name="verifySearchWithoutEnteringAnyProduct" time="4.314"/>
</testsuite> <!-- tests.SearchTest -->
