<?xml version="1.0" encoding="UTF-8"?>
<!-- Generated by org.testng.reporters.JUnitReportReporter -->
<testsuite hostname="DESKTOP-084COBF" failures="0" tests="4" name="tests.RegisterTest" time="30.938" errors="0" timestamp="2024-11-26T13:38:29 IST" skipped="1">
  <testcase classname="tests.RegisterTest" name="verifyRegistingAccountUsingMandtoryFields" time="8.993"/>
  <testcase classname="tests.RegisterTest" name="verifyRegisteringAccountUsingAllFields" time="10.428"/>
  <testcase classname="tests.RegisterTest" name="verifyRegisterationBySayingYesToNewsletter" time="11.517"/>
  <testcase classname="tests.RegisterTest" name="verifyRegisterationBySayingNoToNewsletter">
    <skipped/>
  </testcase> <!-- verifyRegisterationBySayingNoToNewsletter -->
</testsuite> <!-- tests.RegisterTest -->
